<?xml version="1.0" encoding="UTF-8"?>
<!-- Generated by org.testng.reporters.JUnitReportReporter -->
<testsuite hostname="DESKTOP-DUQ488G" failures="0" tests="5" name="com.saucedemo.testscripts.TestRunner" time="19.329" errors="0" timestamp="2023-05-30T15:32:00 EDT" skipped="0">
  <testcase classname="com.saucedemo.testscripts.TestRunner" name="runScenario" time="6.617"/>
  <system-out/>
  <testcase classname="com.saucedemo.testscripts.TestRunner" name="runScenario" time="2.490"/>
  <system-out/>
  <testcase classname="com.saucedemo.testscripts.TestRunner" name="runScenario" time="3.211"/>
  <system-out/>
  <testcase classname="com.saucedemo.testscripts.TestRunner" name="runScenario" time="3.616"/>
  <system-out/>
  <testcase classname="com.saucedemo.testscripts.TestRunner" name="runScenario" time="3.395"/>
  <system-out/>
</testsuite> <!-- com.saucedemo.testscripts.TestRunner -->
